2021-02-08 15:56:53.560  WARN 22060 --- [background-preinit] o.s.h.c.j.Jackson2ObjectMapperBuilder    : For Jackson Kotlin classes support please add "com.fasterxml.jackson.module:jackson-module-kotlin" to the classpath
2021-02-08 15:56:53.581 ERROR 22060 --- [main] lavalink.server.Launcher                 : Application failed

java.lang.UnsupportedClassVersionError: lavalink/server/info/AppInfo has been compiled by a more recent version of the Java Runtime (class file version 55.0), this version of the Java Runtime only recognizes class file versions up to 52.0
	at java.lang.ClassLoader.defineClass1(Native Method) ~[na:1.8.0_181-1-ojdkbuild]
	at java.lang.ClassLoader.defineClass(ClassLoader.java:763) ~[na:1.8.0_181-1-ojdkbuild]
	at java.security.SecureClassLoader.defineClass(SecureClassLoader.java:142) ~[na:1.8.0_181-1-ojdkbuild]
	at java.net.URLClassLoader.defineClass(URLClassLoader.java:467) ~[na:1.8.0_181-1-ojdkbuild]
	at java.net.URLClassLoader.access$100(URLClassLoader.java:73) ~[na:1.8.0_181-1-ojdkbuild]
	at java.net.URLClassLoader$1.run(URLClassLoader.java:368) ~[na:1.8.0_181-1-ojdkbuild]
	at java.net.URLClassLoader$1.run(URLClassLoader.java:362) ~[na:1.8.0_181-1-ojdkbuild]
	at java.security.AccessController.doPrivileged(Native Method) ~[na:1.8.0_181-1-ojdkbuild]
	at java.net.URLClassLoader.findClass(URLClassLoader.java:361) ~[na:1.8.0_181-1-ojdkbuild]
	at java.lang.ClassLoader.loadClass(ClassLoader.java:424) ~[na:1.8.0_181-1-ojdkbuild]
	at org.springframework.boot.loader.LaunchedURLClassLoader.loadClass(LaunchedURLClassLoader.java:93) ~[Lavalink.jar:na]
	at java.lang.ClassLoader.loadClass(ClassLoader.java:357) ~[na:1.8.0_181-1-ojdkbuild]
	at lavalink.server.Launcher.getVersionInfo(Launcher.kt:50) [classes!/:na]
	at lavalink.server.Launcher.getVersionInfo$default(Launcher.kt:49) [classes!/:na]
	at lavalink.server.Launcher$main$1.onApplicationEvent(Launcher.kt:118) ~[classes!/:na]
	at lavalink.server.Launcher$main$1.onApplicationEvent(Launcher.kt:43) ~[classes!/:na]
	at org.springframework.context.event.SimpleApplicationEventMulticaster.doInvokeListener(SimpleApplicationEventMulticaster.java:172) ~[spring-context-5.1.9.RELEASE.jar!/:5.1.9.RELEASE]
	at org.springframework.context.event.SimpleApplicationEventMulticaster.invokeListener(SimpleApplicationEventMulticaster.java:165) ~[spring-context-5.1.9.RELEASE.jar!/:5.1.9.RELEASE]
	at org.springframework.context.event.SimpleApplicationEventMulticaster.multicastEvent(SimpleApplicationEventMulticaster.java:139) ~[spring-context-5.1.9.RELEASE.jar!/:5.1.9.RELEASE]
	at org.springframework.context.event.SimpleApplicationEventMulticaster.multicastEvent(SimpleApplicationEventMulticaster.java:127) ~[spring-context-5.1.9.RELEASE.jar!/:5.1.9.RELEASE]
	at org.springframework.boot.context.event.EventPublishingRunListener.environmentPrepared(EventPublishingRunListener.java:76) ~[spring-boot-2.1.8.RELEASE.jar!/:2.1.8.RELEASE]
	at org.springframework.boot.SpringApplicationRunListeners.environmentPrepared(SpringApplicationRunListeners.java:53) ~[spring-boot-2.1.8.RELEASE.jar!/:2.1.8.RELEASE]
	at org.springframework.boot.SpringApplication.prepareEnvironment(SpringApplication.java:342) ~[spring-boot-2.1.8.RELEASE.jar!/:2.1.8.RELEASE]
	at org.springframework.boot.SpringApplication.run(SpringApplication.java:305) ~[spring-boot-2.1.8.RELEASE.jar!/:2.1.8.RELEASE]
	at lavalink.server.Launcher.main(Launcher.kt:127) [classes!/:na]
	at sun.reflect.NativeMethodAccessorImpl.invoke0(Native Method) ~[na:1.8.0_181-1-ojdkbuild]
	at sun.reflect.NativeMethodAccessorImpl.invoke(NativeMethodAccessorImpl.java:62) ~[na:1.8.0_181-1-ojdkbuild]
	at sun.reflect.DelegatingMethodAccessorImpl.invoke(DelegatingMethodAccessorImpl.java:43) ~[na:1.8.0_181-1-ojdkbuild]
	at java.lang.reflect.Method.invoke(Method.java:498) ~[na:1.8.0_181-1-ojdkbuild]
	at org.springframework.boot.loader.MainMethodRunner.run(MainMethodRunner.java:48) [Lavalink.jar:na]
	at org.springframework.boot.loader.Launcher.launch(Launcher.java:87) [Lavalink.jar:na]
	at org.springframework.boot.loader.Launcher.launch(Launcher.java:51) [Lavalink.jar:na]
	at org.springframework.boot.loader.JarLauncher.main(JarLauncher.java:52) [Lavalink.jar:na]

2021-02-08 15:56:53.586 ERROR 22060 --- [main] o.s.boot.SpringApplication               : Application run failed

java.lang.UnsupportedClassVersionError: lavalink/server/info/AppInfo has been compiled by a more recent version of the Java Runtime (class file version 55.0), this version of the Java Runtime only recognizes class file versions up to 52.0
	at java.lang.ClassLoader.defineClass1(Native Method) ~[na:1.8.0_181-1-ojdkbuild]
	at java.lang.ClassLoader.defineClass(ClassLoader.java:763) ~[na:1.8.0_181-1-ojdkbuild]
	at java.security.SecureClassLoader.defineClass(SecureClassLoader.java:142) ~[na:1.8.0_181-1-ojdkbuild]
	at java.net.URLClassLoader.defineClass(URLClassLoader.java:467) ~[na:1.8.0_181-1-ojdkbuild]
	at java.net.URLClassLoader.access$100(URLClassLoader.java:73) ~[na:1.8.0_181-1-ojdkbuild]
	at java.net.URLClassLoader$1.run(URLClassLoader.java:368) ~[na:1.8.0_181-1-ojdkbuild]
	at java.net.URLClassLoader$1.run(URLClassLoader.java:362) ~[na:1.8.0_181-1-ojdkbuild]
	at java.security.AccessController.doPrivileged(Native Method) ~[na:1.8.0_181-1-ojdkbuild]
	at java.net.URLClassLoader.findClass(URLClassLoader.java:361) ~[na:1.8.0_181-1-ojdkbuild]
	at java.lang.ClassLoader.loadClass(ClassLoader.java:424) ~[na:1.8.0_181-1-ojdkbuild]
	at org.springframework.boot.loader.LaunchedURLClassLoader.loadClass(LaunchedURLClassLoader.java:93) ~[Lavalink.jar:na]
	at java.lang.ClassLoader.loadClass(ClassLoader.java:357) ~[na:1.8.0_181-1-ojdkbuild]
	at lavalink.server.Launcher.getVersionInfo(Launcher.kt:50) [classes!/:na]
	at lavalink.server.Launcher.getVersionInfo$default(Launcher.kt:49) [classes!/:na]
	at lavalink.server.Launcher$main$1.onApplicationEvent(Launcher.kt:118) ~[classes!/:na]
	at lavalink.server.Launcher$main$1.onApplicationEvent(Launcher.kt:43) ~[classes!/:na]
	at org.springframework.context.event.SimpleApplicationEventMulticaster.doInvokeListener(SimpleApplicationEventMulticaster.java:172) ~[spring-context-5.1.9.RELEASE.jar!/:5.1.9.RELEASE]
	at org.springframework.context.event.SimpleApplicationEventMulticaster.invokeListener(SimpleApplicationEventMulticaster.java:165) ~[spring-context-5.1.9.RELEASE.jar!/:5.1.9.RELEASE]
	at org.springframework.context.event.SimpleApplicationEventMulticaster.multicastEvent(SimpleApplicationEventMulticaster.java:139) ~[spring-context-5.1.9.RELEASE.jar!/:5.1.9.RELEASE]
	at org.springframework.context.event.SimpleApplicationEventMulticaster.multicastEvent(SimpleApplicationEventMulticaster.java:127) ~[spring-context-5.1.9.RELEASE.jar!/:5.1.9.RELEASE]
	at org.springframework.boot.context.event.EventPublishingRunListener.environmentPrepared(EventPublishingRunListener.java:76) ~[spring-boot-2.1.8.RELEASE.jar!/:2.1.8.RELEASE]
	at org.springframework.boot.SpringApplicationRunListeners.environmentPrepared(SpringApplicationRunListeners.java:53) ~[spring-boot-2.1.8.RELEASE.jar!/:2.1.8.RELEASE]
	at org.springframework.boot.SpringApplication.prepareEnvironment(SpringApplication.java:342) ~[spring-boot-2.1.8.RELEASE.jar!/:2.1.8.RELEASE]
	at org.springframework.boot.SpringApplication.run(SpringApplication.java:305) ~[spring-boot-2.1.8.RELEASE.jar!/:2.1.8.RELEASE]
	at lavalink.server.Launcher.main(Launcher.kt:127) [classes!/:na]
	at sun.reflect.NativeMethodAccessorImpl.invoke0(Native Method) ~[na:1.8.0_181-1-ojdkbuild]
	at sun.reflect.NativeMethodAccessorImpl.invoke(NativeMethodAccessorImpl.java:62) ~[na:1.8.0_181-1-ojdkbuild]
	at sun.reflect.DelegatingMethodAccessorImpl.invoke(DelegatingMethodAccessorImpl.java:43) ~[na:1.8.0_181-1-ojdkbuild]
	at java.lang.reflect.Method.invoke(Method.java:498) ~[na:1.8.0_181-1-ojdkbuild]
	at org.springframework.boot.loader.MainMethodRunner.run(MainMethodRunner.java:48) [Lavalink.jar:na]
	at org.springframework.boot.loader.Launcher.launch(Launcher.java:87) [Lavalink.jar:na]
	at org.springframework.boot.loader.Launcher.launch(Launcher.java:51) [Lavalink.jar:na]
	at org.springframework.boot.loader.JarLauncher.main(JarLauncher.java:52) [Lavalink.jar:na]

2021-02-08 16:02:23.782  INFO 17416 --- [main] lavalink.server.Launcher                 : 

[32m       .  [31m _                  _ _       _    [32m__ _ _
[32m      /\\ [31m| | __ ___   ____ _| (_)_ __ | | __[32m\ \ \ \
[32m     ( ( )[31m| |/ _` \ \ / / _` | | | '_ \| |/ /[32m \ \ \ \
[32m      \\/ [31m| | (_| |\ V / (_| | | | | | |   < [32m  ) ) ) )
[32m       '  [31m|_|\__,_| \_/ \__,_|_|_|_| |_|_|\_\[32m / / / /
[0m    =========================================[32m/_/_/_/[0m

	Version:        3.3.2.3
	Build:          1176
	Build time:     28.12.2020 18:59:16 UTC
	Branch          master
	Commit:         68d398a
	Commit time:    28.12.2020 18:56:23 UTC
	JVM:            13.0.2
	Lavaplayer      1.3.65

2021-02-08 16:02:23.879  INFO 17416 --- [main] lavalink.server.Launcher                 : Starting Launcher on DESKTOP-EJL0E1O with PID 17416 (E:\Normal_File\TeamUniqueCode_Project\Seojoon_Music\Lavalink.jar started by storm in E:\Normal_File\TeamUniqueCode_Project\Seojoon_Music)
2021-02-08 16:02:23.880  INFO 17416 --- [main] lavalink.server.Launcher                 : No active profile set, falling back to default profiles: default
2021-02-08 16:02:23.980  WARN 17416 --- [background-preinit] o.s.h.c.j.Jackson2ObjectMapperBuilder    : For Jackson Kotlin classes support please add "com.fasterxml.jackson.module:jackson-module-kotlin" to the classpath
2021-02-08 16:02:25.302  WARN 17416 --- [main] io.undertow.websockets.jsr               : UT026010: Buffer pool was not set on WebSocketDeploymentInfo, the default pool will be used
2021-02-08 16:02:25.328  INFO 17416 --- [main] io.undertow.servlet                      : Initializing Spring embedded WebApplicationContext
2021-02-08 16:02:25.328  INFO 17416 --- [main] o.s.web.context.ContextLoader            : Root WebApplicationContext: initialization completed in 1406 ms
2021-02-08 16:02:25.661  WARN 17416 --- [main] l.server.config.SentryConfiguration      : Turning off sentry
2021-02-08 16:02:25.902  INFO 17416 --- [main] c.s.d.l.tools.GarbageCollectionMonitor   : GC monitoring enabled, reporting results every 2 minutes.
2021-02-08 16:02:26.440  INFO 17416 --- [main] lavalink.server.config.KoeConfiguration  : OS: Windows 10, Arch: amd64
2021-02-08 16:02:26.440  WARN 17416 --- [main] lavalink.server.config.KoeConfiguration  : This system and architecture appears to not support native audio sending! GC pauses may cause your bot to stutter during playback.
2021-02-08 16:02:26.668  INFO 17416 --- [main] o.s.s.concurrent.ThreadPoolTaskExecutor  : Initializing ExecutorService 'applicationTaskExecutor'
2021-02-08 16:02:26.960  INFO 17416 --- [main] org.xnio                                 : XNIO version 3.3.8.Final
2021-02-08 16:02:26.976  INFO 17416 --- [main] org.xnio.nio                             : XNIO NIO Implementation Version 3.3.8.Final
2021-02-08 16:02:27.052  INFO 17416 --- [main] o.s.b.w.e.u.UndertowServletWebServer     : Undertow started on port(s) 2333 (http) with context path ''
2021-02-08 16:02:27.058  INFO 17416 --- [main] lavalink.server.Launcher                 : Started Launcher in 3.736 seconds (JVM running for 4.195)
2021-02-08 16:02:27.060  INFO 17416 --- [main] lavalink.server.Launcher                 : You can safely ignore the big red warning about illegal reflection. See https://github.com/Frederikam/Lavalink/issues/295
